  input.c
C:\source\sophomore_first_semester_c_lang_finals\input.c(6,25): warning C4047: '==': 'const int *'의 간접 참조 수준이 'int'과(와) 다릅니다.
C:\source\sophomore_first_semester_c_lang_finals\input.c(6,49): warning C4047: '==': 'const int *'의 간접 참조 수준이 'int'과(와) 다릅니다.
C:\source\sophomore_first_semester_c_lang_finals\input.c(9,24): warning C4047: '==': 'const int *'의 간접 참조 수준이 'int'과(와) 다릅니다.
C:\source\sophomore_first_semester_c_lang_finals\input.c(9,48): warning C4047: '==': 'const int *'의 간접 참조 수준이 'int'과(와) 다릅니다.
C:\source\sophomore_first_semester_c_lang_finals\input.c(14,24): warning C4047: '==': 'const int *'의 간접 참조 수준이 'int'과(와) 다릅니다.
C:\source\sophomore_first_semester_c_lang_finals\input.c(14,48): warning C4047: '==': 'const int *'의 간접 참조 수준이 'int'과(와) 다릅니다.
C:\source\sophomore_first_semester_c_lang_finals\input.c(17,29): warning C4047: '==': 'const int *'의 간접 참조 수준이 'int'과(와) 다릅니다.
  main.c
C:\source\sophomore_first_semester_c_lang_finals\opengl\graphics.h(59,1): warning C4047: '초기화 중': 'float *'의 간접 참조 수준이 'const float (*)[12]'과(와) 다릅니다.
C:\source\sophomore_first_semester_c_lang_finals\opengl\graphics.h(59,1): warning C4047: '초기화 중': 'int *'의 간접 참조 수준이 'const GLuint (*)[6]'과(와) 다릅니다.
  memory.c
  callback_funcs.c
  graphics.c
C:\source\sophomore_first_semester_c_lang_finals\opengl\graphics.h(59,1): warning C4047: '초기화 중': 'float *'의 간접 참조 수준이 'const float (*)[12]'과(와) 다릅니다.
C:\source\sophomore_first_semester_c_lang_finals\opengl\graphics.h(59,1): warning C4047: '초기화 중': 'int *'의 간접 참조 수준이 'const GLuint (*)[6]'과(와) 다릅니다.
C:\source\sophomore_first_semester_c_lang_finals\opengl\graphics.c(197,34): warning C4244: '함수': 'double'에서 'GLfloat'(으)로 변환하면서 데이터가 손실될 수 있습니다.
C:\source\sophomore_first_semester_c_lang_finals\opengl\graphics.c(198,34): warning C4244: '함수': 'double'에서 'GLfloat'(으)로 변환하면서 데이터가 손실될 수 있습니다.
  system.c
C:\source\sophomore_first_semester_c_lang_finals\opengl\graphics.h(59,1): warning C4047: '초기화 중': 'float *'의 간접 참조 수준이 'const float (*)[12]'과(와) 다릅니다.
C:\source\sophomore_first_semester_c_lang_finals\opengl\graphics.h(59,1): warning C4047: '초기화 중': 'int *'의 간접 참조 수준이 'const GLuint (*)[6]'과(와) 다릅니다.
  user.c
  코드를 생성하고 있습니다...
  c_lang_finals_vs.vcxproj -> C:\source\sophomore_first_semester_c_lang_finals\c_lang_finals_vs\Debug\c_lang_finals_vs.exe
